sk.com | SUCCESS => {
    "ansible_facts": {
        "ansible_all_ipv4_addresses": [
            "10.0.2.15",
            "192.168.33.10"
        ],
        "ansible_all_ipv6_addresses": [
            "fe80::a00:27ff:fe88:ca6",
            "fe80::a00:27ff:fe04:aa9a"
        ],
        "ansible_apparmor": {
            "status": "enabled"
        },
        "ansible_architecture": "x86_64",
        "ansible_bios_date": "12/01/2006",
        "ansible_bios_version": "VirtualBox",
        "ansible_cmdline": {
            "BOOT_IMAGE": "/vmlinuz-3.2.0-23-generic",
            "quiet": true,
            "ro": true,
            "root": "/dev/mapper/precise64-root"
        },
        "ansible_date_time": {
            "date": "2019-07-09",
            "day": "09",
            "epoch": "1562689065",
            "hour": "16",
            "iso8601": "2019-07-09T16:17:45Z",
            "iso8601_basic": "20190709T161745964649",
            "iso8601_basic_short": "20190709T161745",
            "iso8601_micro": "2019-07-09T16:17:45.964733Z",
            "minute": "17",
            "month": "07",
            "second": "45",
            "time": "16:17:45",
            "tz": "UTC",
            "tz_offset": "+0000",
            "weekday": "Tuesday",
            "weekday_number": "2",
            "weeknumber": "27",
            "year": "2019"
        },
        "ansible_default_ipv4": {
            "address": "10.0.2.15",
            "alias": "eth0",
            "broadcast": "10.0.2.255",
            "gateway": "10.0.2.2",
            "interface": "eth0",
            "macaddress": "08:00:27:88:0c:a6",
            "mtu": 1500,
            "netmask": "255.255.255.0",
            "network": "10.0.2.0",
            "type": "ether"
        },
        "ansible_default_ipv6": {},
        "ansible_device_links": {
            "ids": {
                "dm-0": [
                    "dm-name-",
                    "dm-name-precise64-root",
                    "dm-uuid-LVM-Ble7hc9RJ7G3oWr1y8FxYgc40JGEPM1IIIVxQaPh2ZPFtTVpF7PNiXTT3NDZkPD9"
                ],
                "dm-1": [
                    "dm-name-precise64-swap_1",
                    "dm-uuid-LVM-Ble7hc9RJ7G3oWr1y8FxYgc40JGEPM1I87T2nzjcnwXCrweG2lgJ3QDg3m03WGXJ"
                ],
                "sda": [
                    "ata-VBOX_HARDDISK_VB7a382545-94319867",
                    "scsi-SATA_VBOX_HARDDISK_VB7a382545-94319867"
                ],
                "sda1": [
                    "ata-VBOX_HARDDISK_VB7a382545-94319867-part1",
                    "scsi-SATA_VBOX_HARDDISK_VB7a382545-94319867-part1"
                ],
                "sda2": [
                    "ata-VBOX_HARDDISK_VB7a382545-94319867-part2",
                    "scsi-SATA_VBOX_HARDDISK_VB7a382545-94319867-part2"
                ],
                "sda5": [
                    "ata-VBOX_HARDDISK_VB7a382545-94319867-part5",
                    "scsi-SATA_VBOX_HARDDISK_VB7a382545-94319867-part5"
                ],
                "sr0": [
                    "ata-VBOX_CD-ROM_VB0-01f003f6"
                ],
                "sr1": [
                    "ata-VBOX_CD-ROM_VB2-01700376"
                ]
            },
            "labels": {},
            "masters": {
                "sda5": [
                    "dm-0",
                    "dm-1"
                ]
            },
            "uuids": {
                "dm-0": [
                    "e6e92c91-fc1d-4f72-b268-f05f2a2bf50a"
                ],
                "dm-1": [
                    "a9509269-b6ce-4739-b237-d1fc96077c82"
                ],
                "sda1": [
                    "943029e3-c40d-4412-b3b1-8ad4ceb25e93"
                ]
            }
        },
        "ansible_devices": {
            "dm-0": {
                "holders": [],
                "host": "",
                "links": {
                    "ids": [
                        "dm-name-",
                        "dm-name-precise64-root",
                        "dm-uuid-LVM-Ble7hc9RJ7G3oWr1y8FxYgc40JGEPM1IIIVxQaPh2ZPFtTVpF7PNiXTT3NDZkPD9"
                    ],
                    "labels": [],
                    "masters": [],
                    "uuids": [
                        "e6e92c91-fc1d-4f72-b268-f05f2a2bf50a"
                    ]
                },
                "model": null,
                "partitions": {},
                "removable": "0",
                "rotational": "1",
                "sas_address": null,
                "sas_device_handle": null,
                "scheduler_mode": "",
                "sectors": "165691392",
                "sectorsize": "512",
                "size": "79.01 GB",
                "support_discard": "0",
                "vendor": null,
                "virtual": 1
            },
            "dm-1": {
                "holders": [],
                "host": "",
                "links": {
                    "ids": [
                        "dm-name-precise64-swap_1",
                        "dm-uuid-LVM-Ble7hc9RJ7G3oWr1y8FxYgc40JGEPM1I87T2nzjcnwXCrweG2lgJ3QDg3m03WGXJ"
                    ],
                    "labels": [],
                    "masters": [],
                    "uuids": [
                        "a9509269-b6ce-4739-b237-d1fc96077c82"
                    ]
                },
                "model": null,
                "partitions": {},
                "removable": "0",
                "rotational": "1",
                "sas_address": null,
                "sas_device_handle": null,
                "scheduler_mode": "",
                "sectors": "1572864",
                "sectorsize": "512",
                "size": "768.00 MB",
                "support_discard": "0",
                "vendor": null,
                "virtual": 1
            },
            "loop0": {
                "holders": [],
                "host": "",
                "links": {
                    "ids": [],
                    "labels": [],
                    "masters": [],
                    "uuids": []
                },
                "model": null,
                "partitions": {},
                "removable": "0",
                "rotational": "1",
                "sas_address": null,
                "sas_device_handle": null,
                "scheduler_mode": "",
                "sectors": "0",
                "sectorsize": "512",
                "size": "0.00 Bytes",
                "support_discard": "0",
                "vendor": null,
                "virtual": 1
            },
            "loop1": {
                "holders": [],
                "host": "",
                "links": {
                    "ids": [],
                    "labels": [],
                    "masters": [],
                    "uuids": []
                },
                "model": null,
                "partitions": {},
                "removable": "0",
                "rotational": "1",
                "sas_address": null,
                "sas_device_handle": null,
                "scheduler_mode": "",
                "sectors": "0",
                "sectorsize": "512",
                "size": "0.00 Bytes",
                "support_discard": "0",
                "vendor": null,
                "virtual": 1
            },
            "loop2": {
                "holders": [],
                "host": "",
                "links": {
                    "ids": [],
                    "labels": [],
                    "masters": [],
                    "uuids": []
                },
                "model": null,
                "partitions": {},
                "removable": "0",
                "rotational": "1",
                "sas_address": null,
                "sas_device_handle": null,
                "scheduler_mode": "",
                "sectors": "0",
                "sectorsize": "512",
                "size": "0.00 Bytes",
                "support_discard": "0",
                "vendor": null,
                "virtual": 1
            },
            "loop3": {
                "holders": [],
                "host": "",
                "links": {
                    "ids": [],
                    "labels": [],
                    "masters": [],
                    "uuids": []
                },
                "model": null,
                "partitions": {},
                "removable": "0",
                "rotational": "1",
                "sas_address": null,
                "sas_device_handle": null,
                "scheduler_mode": "",
                "sectors": "0",
                "sectorsize": "512",
                "size": "0.00 Bytes",
                "support_discard": "0",
                "vendor": null,
                "virtual": 1
            },
            "loop4": {
                "holders": [],
                "host": "",
                "links": {
                    "ids": [],
                    "labels": [],
                    "masters": [],
                    "uuids": []
                },
                "model": null,
                "partitions": {},
                "removable": "0",
                "rotational": "1",
                "sas_address": null,
                "sas_device_handle": null,
                "scheduler_mode": "",
                "sectors": "0",
                "sectorsize": "512",
                "size": "0.00 Bytes",
                "support_discard": "0",
                "vendor": null,
                "virtual": 1
            },
            "loop5": {
                "holders": [],
                "host": "",
                "links": {
                    "ids": [],
                    "labels": [],
                    "masters": [],
                    "uuids": []
                },
                "model": null,
                "partitions": {},
                "removable": "0",
                "rotational": "1",
                "sas_address": null,
                "sas_device_handle": null,
                "scheduler_mode": "",
                "sectors": "0",
                "sectorsize": "512",
                "size": "0.00 Bytes",
                "support_discard": "0",
                "vendor": null,
                "virtual": 1
            },
            "loop6": {
                "holders": [],
                "host": "",
                "links": {
                    "ids": [],
                    "labels": [],
                    "masters": [],
                    "uuids": []
                },
                "model": null,
                "partitions": {},
                "removable": "0",
                "rotational": "1",
                "sas_address": null,
                "sas_device_handle": null,
                "scheduler_mode": "",
                "sectors": "0",
                "sectorsize": "512",
                "size": "0.00 Bytes",
                "support_discard": "0",
                "vendor": null,
                "virtual": 1
            },
            "loop7": {
                "holders": [],
                "host": "",
                "links": {
                    "ids": [],
                    "labels": [],
                    "masters": [],
                    "uuids": []
                },
                "model": null,
                "partitions": {},
                "removable": "0",
                "rotational": "1",
                "sas_address": null,
                "sas_device_handle": null,
                "scheduler_mode": "",
                "sectors": "0",
                "sectorsize": "512",
                "size": "0.00 Bytes",
                "support_discard": "0",
                "vendor": null,
                "virtual": 1
            },
            "ram0": {
                "holders": [],
                "host": "",
                "links": {
                    "ids": [],
                    "labels": [],
                    "masters": [],
                    "uuids": []
                },
                "model": null,
                "partitions": {},
                "removable": "0",
                "rotational": "1",
                "sas_address": null,
                "sas_device_handle": null,
                "scheduler_mode": "",
                "sectors": "131072",
                "sectorsize": "512",
                "size": "64.00 MB",
                "support_discard": "4096",
                "vendor": null,
                "virtual": 1
            },
            "ram1": {
                "holders": [],
                "host": "",
                "links": {
                    "ids": [],
                    "labels": [],
                    "masters": [],
                    "uuids": []
                },
                "model": null,
                "partitions": {},
                "removable": "0",
                "rotational": "1",
                "sas_address": null,
                "sas_device_handle": null,
                "scheduler_mode": "",
                "sectors": "131072",
                "sectorsize": "512",
                "size": "64.00 MB",
                "support_discard": "4096",
                "vendor": null,
                "virtual": 1
            },
            "ram10": {
                "holders": [],
                "host": "",
                "links": {
                    "ids": [],
                    "labels": [],
                    "masters": [],
                    "uuids": []
                },
                "model": null,
                "partitions": {},
                "removable": "0",
                "rotational": "1",
                "sas_address": null,
                "sas_device_handle": null,
                "scheduler_mode": "",
                "sectors": "131072",
                "sectorsize": "512",
                "size": "64.00 MB",
                "support_discard": "4096",
                "vendor": null,
                "virtual": 1
            },
            "ram11": {
                "holders": [],
                "host": "",
                "links": {
                    "ids": [],
                    "labels": [],
                    "masters": [],
                    "uuids": []
                },
                "model": null,
                "partitions": {},
                "removable": "0",
                "rotational": "1",
                "sas_address": null,
                "sas_device_handle": null,
                "scheduler_mode": "",
                "sectors": "131072",
                "sectorsize": "512",
                "size": "64.00 MB",
                "support_discard": "4096",
                "vendor": null,
                "virtual": 1
            },
            "ram12": {
                "holders": [],
                "host": "",
                "links": {
                    "ids": [],
                    "labels": [],
                    "masters": [],
                    "uuids": []
                },
                "model": null,
                "partitions": {},
                "removable": "0",
                "rotational": "1",
                "sas_address": null,
                "sas_device_handle": null,
                "scheduler_mode": "",
                "sectors": "131072",
                "sectorsize": "512",
                "size": "64.00 MB",
                "support_discard": "4096",
                "vendor": null,
                "virtual": 1
            },
            "ram13": {
                "holders": [],
                "host": "",
                "links": {
                    "ids": [],
                    "labels": [],
                    "masters": [],
                    "uuids": []
                },
                "model": null,
                "partitions": {},
                "removable": "0",
                "rotational": "1",
                "sas_address": null,
                "sas_device_handle": null,
                "scheduler_mode": "",
                "sectors": "131072",
                "sectorsize": "512",
                "size": "64.00 MB",
                "support_discard": "4096",
                "vendor": null,
                "virtual": 1
            },
            "ram14": {
                "holders": [],
                "host": "",
                "links": {
                    "ids": [],
                    "labels": [],
                    "masters": [],
                    "uuids": []
                },
                "model": null,
                "partitions": {},
                "removable": "0",
                "rotational": "1",
                "sas_address": null,
                "sas_device_handle": null,
                "scheduler_mode": "",
                "sectors": "131072",
                "sectorsize": "512",
                "size": "64.00 MB",
                "support_discard": "4096",
                "vendor": null,
                "virtual": 1
            },
            "ram15": {
                "holders": [],
                "host": "",
                "links": {
                    "ids": [],
                    "labels": [],
                    "masters": [],
                    "uuids": []
                },
                "model": null,
                "partitions": {},
                "removable": "0",
                "rotational": "1",
                "sas_address": null,
                "sas_device_handle": null,
                "scheduler_mode": "",
                "sectors": "131072",
                "sectorsize": "512",
                "size": "64.00 MB",
                "support_discard": "4096",
                "vendor": null,
                "virtual": 1
            },
            "ram2": {
                "holders": [],
                "host": "",
                "links": {
                    "ids": [],
                    "labels": [],
                    "masters": [],
                    "uuids": []
                },
                "model": null,
                "partitions": {},
                "removable": "0",
                "rotational": "1",
                "sas_address": null,
                "sas_device_handle": null,
                "scheduler_mode": "",
                "sectors": "131072",
                "sectorsize": "512",
                "size": "64.00 MB",
                "support_discard": "4096",
                "vendor": null,
                "virtual": 1
            },
            "ram3": {
                "holders": [],
                "host": "",
                "links": {
                    "ids": [],
                    "labels": [],
                    "masters": [],
                    "uuids": []
                },
                "model": null,
                "partitions": {},
                "removable": "0",
                "rotational": "1",
                "sas_address": null,
                "sas_device_handle": null,
                "scheduler_mode": "",
                "sectors": "131072",
                "sectorsize": "512",
                "size": "64.00 MB",
                "support_discard": "4096",
                "vendor": null,
                "virtual": 1
            },
            "ram4": {
                "holders": [],
                "host": "",
                "links": {
                    "ids": [],
                    "labels": [],
                    "masters": [],
                    "uuids": []
                },
                "model": null,
                "partitions": {},
                "removable": "0",
                "rotational": "1",
                "sas_address": null,
                "sas_device_handle": null,
                "scheduler_mode": "",
                "sectors": "131072",
                "sectorsize": "512",
                "size": "64.00 MB",
                "support_discard": "4096",
                "vendor": null,
                "virtual": 1
            },
            "ram5": {
                "holders": [],
                "host": "",
                "links": {
                    "ids": [],
                    "labels": [],
                    "masters": [],
                    "uuids": []
                },
                "model": null,
                "partitions": {},
                "removable": "0",
                "rotational": "1",
                "sas_address": null,
                "sas_device_handle": null,
                "scheduler_mode": "",
                "sectors": "131072",
                "sectorsize": "512",
                "size": "64.00 MB",
                "support_discard": "4096",
                "vendor": null,
                "virtual": 1
            },
            "ram6": {
                "holders": [],
                "host": "",
                "links": {
                    "ids": [],
                    "labels": [],
                    "masters": [],
                    "uuids": []
                },
                "model": null,
                "partitions": {},
                "removable": "0",
                "rotational": "1",
                "sas_address": null,
                "sas_device_handle": null,
                "scheduler_mode": "",
                "sectors": "131072",
                "sectorsize": "512",
                "size": "64.00 MB",
                "support_discard": "4096",
                "vendor": null,
                "virtual": 1
            },
            "ram7": {
                "holders": [],
                "host": "",
                "links": {
                    "ids": [],
                    "labels": [],
                    "masters": [],
                    "uuids": []
                },
                "model": null,
                "partitions": {},
                "removable": "0",
                "rotational": "1",
                "sas_address": null,
                "sas_device_handle": null,
                "scheduler_mode": "",
                "sectors": "131072",
                "sectorsize": "512",
                "size": "64.00 MB",
                "support_discard": "4096",
                "vendor": null,
                "virtual": 1
            },
            "ram8": {
                "holders": [],
                "host": "",
                "links": {
                    "ids": [],
                    "labels": [],
                    "masters": [],
                    "uuids": []
                },
                "model": null,
                "partitions": {},
                "removable": "0",
                "rotational": "1",
                "sas_address": null,
                "sas_device_handle": null,
                "scheduler_mode": "",
                "sectors": "131072",
                "sectorsize": "512",
                "size": "64.00 MB",
                "support_discard": "4096",
                "vendor": null,
                "virtual": 1
            },
            "ram9": {
                "holders": [],
                "host": "",
                "links": {
                    "ids": [],
                    "labels": [],
                    "masters": [],
                    "uuids": []
                },
                "model": null,
                "partitions": {},
                "removable": "0",
                "rotational": "1",
                "sas_address": null,
                "sas_device_handle": null,
                "scheduler_mode": "",
                "sectors": "131072",
                "sectorsize": "512",
                "size": "64.00 MB",
                "support_discard": "4096",
                "vendor": null,
                "virtual": 1
            },
            "sda": {
                "holders": [],
                "host": "SATA controller: Intel Corporation 82801HM/HEM (ICH8M/ICH8M-E) SATA Controller [AHCI mode] (rev 02)",
                "links": {
                    "ids": [
                        "ata-VBOX_HARDDISK_VB7a382545-94319867",
                        "scsi-SATA_VBOX_HARDDISK_VB7a382545-94319867"
                    ],
                    "labels": [],
                    "masters": [],
                    "uuids": []
                },
                "model": "VBOX HARDDISK",
                "partitions": {
                    "sda1": {
                        "holders": [],
                        "links": {
                            "ids": [
                                "ata-VBOX_HARDDISK_VB7a382545-94319867-part1",
                                "scsi-SATA_VBOX_HARDDISK_VB7a382545-94319867-part1"
                            ],
                            "labels": [],
                            "masters": [],
                            "uuids": [
                                "943029e3-c40d-4412-b3b1-8ad4ceb25e93"
                            ]
                        },
                        "sectors": "497664",
                        "sectorsize": 512,
                        "size": "243.00 MB",
                        "start": "2048",
                        "uuid": "943029e3-c40d-4412-b3b1-8ad4ceb25e93"
                    },
                    "sda2": {
                        "holders": [],
                        "links": {
                            "ids": [
                                "ata-VBOX_HARDDISK_VB7a382545-94319867-part2",
                                "scsi-SATA_VBOX_HARDDISK_VB7a382545-94319867-part2"
                            ],
                            "labels": [],
                            "masters": [],
                            "uuids": []
                        },
                        "sectors": "2",
                        "sectorsize": 512,
                        "size": "1.00 KB",
                        "start": "501758",
                        "uuid": null
                    },
                    "sda5": {
                        "holders": [
                            "precise64-root",
                            "precise64-swap_1"
                        ],
                        "links": {
                            "ids": [
                                "ata-VBOX_HARDDISK_VB7a382545-94319867-part5",
                                "scsi-SATA_VBOX_HARDDISK_VB7a382545-94319867-part5"
                            ],
                            "labels": [],
                            "masters": [
                                "dm-0",
                                "dm-1"
                            ],
                            "uuids": []
                        },
                        "sectors": "167268352",
                        "sectorsize": 512,
                        "size": "79.76 GB",
                        "start": "501760",
                        "uuid": null
                    }
                },
                "removable": "0",
                "rotational": "1",
                "sas_address": null,
                "sas_device_handle": null,
                "scheduler_mode": "cfq",
                "sectors": "167772160",
                "sectorsize": "512",
                "size": "80.00 GB",
                "support_discard": "0",
                "vendor": "ATA",
                "virtual": 1
            },
            "sr0": {
                "holders": [],
                "host": "IDE interface: Intel Corporation 82371AB/EB/MB PIIX4 IDE (rev 01)",
                "links": {
                    "ids": [
                        "ata-VBOX_CD-ROM_VB0-01f003f6"
                    ],
                    "labels": [],
                    "masters": [],
                    "uuids": []
                },
                "model": "CD-ROM",
                "partitions": {},
                "removable": "1",
                "rotational": "1",
                "sas_address": null,
                "sas_device_handle": null,
                "scheduler_mode": "cfq",
                "sectors": "2097151",
                "sectorsize": "512",
                "size": "1024.00 MB",
                "support_discard": "0",
                "vendor": "VBOX",
                "virtual": 1
            },
            "sr1": {
                "holders": [],
                "host": "IDE interface: Intel Corporation 82371AB/EB/MB PIIX4 IDE (rev 01)",
                "links": {
                    "ids": [
                        "ata-VBOX_CD-ROM_VB2-01700376"
                    ],
                    "labels": [],
                    "masters": [],
                    "uuids": []
                },
                "model": "CD-ROM",
                "partitions": {},
                "removable": "1",
                "rotational": "1",
                "sas_address": null,
                "sas_device_handle": null,
                "scheduler_mode": "cfq",
                "sectors": "2097151",
                "sectorsize": "512",
                "size": "1024.00 MB",
                "support_discard": "0",
                "vendor": "VBOX",
                "virtual": 1
            }
        },
        "ansible_distribution": "Ubuntu",
        "ansible_distribution_file_parsed": true,
        "ansible_distribution_file_path": "/etc/lsb-release",
        "ansible_distribution_file_variety": "Debian",
        "ansible_distribution_major_version": "12",
        "ansible_distribution_release": "precise",
        "ansible_distribution_version": "12.04",
        "ansible_dns": {
            "nameservers": [
                "10.0.2.3"
            ]
        },
        "ansible_domain": "",
        "ansible_effective_group_id": 1000,
        "ansible_effective_user_id": 1000,
        "ansible_env": {
            "HOME": "/home/vagrant",
            "LANG": "C",
            "LC_ALL": "C",
            "LC_CTYPE": "UTF-8",
            "LC_NUMERIC": "C",
            "LOGNAME": "vagrant",
            "MAIL": "/var/mail/vagrant",
            "PATH": "/usr/local/sbin:/usr/local/bin:/usr/sbin:/usr/bin:/sbin:/bin:/usr/games",
            "PWD": "/home/vagrant",
            "SHELL": "/bin/bash",
            "SHLVL": "1",
            "SSH_CLIENT": "192.168.33.1 52955 22",
            "SSH_CONNECTION": "192.168.33.1 52955 192.168.33.10 22",
            "SSH_TTY": "/dev/pts/0",
            "TERM": "xterm-256color",
            "USER": "vagrant",
            "_": "/bin/sh"
        },
        "ansible_eth0": {
            "active": true,
            "device": "eth0",
            "ipv4": {
                "address": "10.0.2.15",
                "broadcast": "10.0.2.255",
                "netmask": "255.255.255.0",
                "network": "10.0.2.0"
            },
            "ipv6": [
                {
                    "address": "fe80::a00:27ff:fe88:ca6",
                    "prefix": "64",
                    "scope": "link"
                }
            ],
            "macaddress": "08:00:27:88:0c:a6",
            "module": "e1000",
            "mtu": 1500,
            "pciid": "0000:00:03.0",
            "promisc": false,
            "speed": 1000,
            "type": "ether"
        },
        "ansible_eth1": {
            "active": true,
            "device": "eth1",
            "ipv4": {
                "address": "192.168.33.10",
                "broadcast": "192.168.33.255",
                "netmask": "255.255.255.0",
                "network": "192.168.33.0"
            },
            "ipv6": [
                {
                    "address": "fe80::a00:27ff:fe04:aa9a",
                    "prefix": "64",
                    "scope": "link"
                }
            ],
            "macaddress": "08:00:27:04:aa:9a",
            "module": "e1000",
            "mtu": 1500,
            "pciid": "0000:00:08.0",
            "promisc": false,
            "speed": 1000,
            "type": "ether"
        },
        "ansible_fibre_channel_wwn": [],
        "ansible_fips": false,
        "ansible_form_factor": "Other",
        "ansible_fqdn": "precise64",
        "ansible_hostname": "precise64",
        "ansible_hostnqn": "",
        "ansible_interfaces": [
            "lo",
            "eth1",
            "eth0"
        ],
        "ansible_is_chroot": false,
        "ansible_iscsi_iqn": "",
        "ansible_kernel": "3.2.0-23-generic",
        "ansible_lo": {
            "active": true,
            "device": "lo",
            "ipv4": {
                "address": "127.0.0.1",
                "broadcast": "host",
                "netmask": "255.0.0.0",
                "network": "127.0.0.0"
            },
            "ipv6": [
                {
                    "address": "::1",
                    "prefix": "128",
                    "scope": "host"
                }
            ],
            "mtu": 16436,
            "promisc": false,
            "type": "loopback"
        },
        "ansible_local": {},
        "ansible_lsb": {
            "codename": "precise",
            "description": "Ubuntu 12.04 LTS",
            "id": "Ubuntu",
            "major_release": "12",
            "release": "12.04"
        },
        "ansible_machine": "x86_64",
        "ansible_machine_id": "71775adbda196b18e5105bec0000030c",
        "ansible_memfree_mb": 32,
        "ansible_memory_mb": {
            "nocache": {
                "free": 263,
                "used": 102
            },
            "real": {
                "free": 32,
                "total": 365,
                "used": 333
            },
            "swap": {
                "cached": 1,
                "free": 752,
                "total": 767,
                "used": 15
            }
        },
        "ansible_memtotal_mb": 365,
        "ansible_mounts": [
            {
                "block_available": 195784,
                "block_size": 1024,
                "block_total": 233191,
                "block_used": 37407,
                "device": "/dev/sda1",
                "fstype": "ext2",
                "inode_available": 124266,
                "inode_total": 124496,
                "inode_used": 230,
                "mount": "/boot",
                "options": "rw",
                "size_available": 200482816,
                "size_total": 238787584,
                "uuid": "943029e3-c40d-4412-b3b1-8ad4ceb25e93"
            },
            {
                "block_available": 18948254,
                "block_size": 4096,
                "block_total": 20677803,
                "block_used": 1729549,
                "device": "/dev/mapper/precise64-root",
                "fstype": "ext4",
                "inode_available": 5117686,
                "inode_total": 5185536,
                "inode_used": 67850,
                "mount": "/",
                "options": "rw,errors=remount-ro",
                "size_available": 77612048384,
                "size_total": 84696281088,
                "uuid": "e6e92c91-fc1d-4f72-b268-f05f2a2bf50a"
            }
        ],
        "ansible_nodename": "precise64",
        "ansible_os_family": "Debian",
        "ansible_pkg_mgr": "apt",
        "ansible_proc_cmdline": {
            "BOOT_IMAGE": "/vmlinuz-3.2.0-23-generic",
            "quiet": true,
            "ro": true,
            "root": "/dev/mapper/precise64-root"
        },
        "ansible_processor": [
            "0",
            "GenuineIntel",
            "Intel(R) Core(TM) i7-6820HQ CPU @ 2.70GHz",
            "1",
            "GenuineIntel",
            "Intel(R) Core(TM) i7-6820HQ CPU @ 2.70GHz"
        ],
        "ansible_processor_cores": 2,
        "ansible_processor_count": 1,
        "ansible_processor_threads_per_core": 1,
        "ansible_processor_vcpus": 2,
        "ansible_product_name": "VirtualBox",
        "ansible_product_serial": "NA",
        "ansible_product_uuid": "NA",
        "ansible_product_version": "1.2",
        "ansible_python": {
            "executable": "/usr/bin/python",
            "has_sslcontext": false,
            "type": "CPython",
            "version": {
                "major": 2,
                "micro": 3,
                "minor": 7,
                "releaselevel": "final",
                "serial": 0
            },
            "version_info": [
                2,
                7,
                3,
                "final",
                0
            ]
        },
        "ansible_python_version": "2.7.3",
        "ansible_real_group_id": 1000,
        "ansible_real_user_id": 1000,
        "ansible_selinux": {
            "status": "Missing selinux Python library"
        },
        "ansible_selinux_python_present": false,
        "ansible_service_mgr": "upstart",
        "ansible_ssh_host_key_dsa_public": "AAAAB3NzaC1kc3MAAACBAJwR6q4VerUDe7bLXRL6ZPTXj5FY66he+WWlRSoQppwDLqrTG73Pa9qUHMDFb1LXN1qgg0p0lyfqvm8ZeN+98rbT0JW6+Wqa7v0K+N82xf87fVkJcXAuU/A8OGR9eVMZmWsIOpabZexd5CHYgLO3k4YpPSdxc6S4zJcOGwXVnmGHAAAAFQDHjsPg0rmkbquTJRdlEZBVJe9+3QAAAIBjYIAiGvKhmJfzDjVfzlxRD1ET7ZhSoMDxU0KadwXQP1uBdlYVEteJQpUTEsA+7kFH7xhtZ/zbK2afEFHriAphTJmz8GqkIR5CJXh3dZspdk2MHCgxkXl5G/iVPLR9UShN+nsAVxfm0gffCqbqZu3Ridt3JwTXQbiDfXO/a6T/eQAAAIEAlsW/i/dUuFbRVO2zaAKwL/CFWT19Al7+njszC5FCJ2deggmF/NIKJUbJwkRZkwL4PY1HYj2xqn7ImhPSyvdCd+IFdw73Pndnjv0luDc8i/a4JUEfna4rzXt1Y5c24J1pEoKA05VicyCBD2z6TodRJEVEFSsa1s8s2p9x6LxwsDw=",
        "ansible_ssh_host_key_ecdsa_public": "AAAAE2VjZHNhLXNoYTItbmlzdHAyNTYAAAAIbmlzdHAyNTYAAABBBFxsiWE3WImfJcjiWS5asOVoMsn+0gFLU5AgPNs2ATokB7kw00IsB0YGrqClwYNauRRddkYMsi0icJSR60mYNSo=",
        "ansible_ssh_host_key_rsa_public": "AAAAB3NzaC1yc2EAAAADAQABAAABAQDZt46W9slSN3Y6D2f931rijUPCEewhQWmBfGhybuF4qLftfJMuyFcREZkG6UretVI8ZnQn/OMDgbf2DYMzKsRLnz7W5cGy1Mt1pWoG0iCgi2xHzLqOqPYo4mP9/hdZT6pANXapETT55yx8sHAYLAa9NK5Dtyv+QNQ2dUUb1wUTCqgYffLVDgoHvNNDwCwB6biJf6uopqfg2KXvAzcqSa6oaRChJOXjFlM08HebMwkMSzrOXjWbXhFsONy5JuDf3WztCtLMsFrVRHTdDwTh7uL2UQ8Qcky+kP6Wd7G8NlW5RxubYIFpAM0u2SsQIjYOxz+eOfQ8GE3WjvaIBqX05gat",
        "ansible_swapfree_mb": 752,
        "ansible_swaptotal_mb": 767,
        "ansible_system": "Linux",
        "ansible_system_vendor": "innotek GmbH",
        "ansible_uptime_seconds": 88699,
        "ansible_user_dir": "/home/vagrant",
        "ansible_user_gecos": "vagrant,,,",
        "ansible_user_gid": 1000,
        "ansible_user_id": "vagrant",
        "ansible_user_shell": "/bin/bash",
        "ansible_user_uid": 1000,
        "ansible_userspace_architecture": "x86_64",
        "ansible_userspace_bits": "64",
        "ansible_virtualization_role": "guest",
        "ansible_virtualization_type": "virtualbox",
        "discovered_interpreter_python": "/usr/bin/python",
        "gather_subset": [
            "all"
        ],
        "module_setup": true
    },
    "changed": false
}
